<?xml version="1.0" encoding="UTF-8"?>
<testng-results ignored="0" total="1" passed="1" failed="0" skipped="0">
  <reporter-output>
  </reporter-output>
  <suite started-at="2024-09-05T16:31:56 IST" name="Suite" finished-at="2024-09-05T16:32:01 IST" duration-ms="5024">
    <groups>
    </groups>
    <test started-at="2024-09-05T16:31:56 IST" name="Test" finished-at="2024-09-05T16:32:01 IST" duration-ms="5024">
      <class name="testCases.LoginTest">
        <test-method is-config="true" signature="Setup()[pri:0, instance:testCases.LoginTest@7b36aa0c]" started-at="2024-09-05T16:31:56 IST" name="Setup" finished-at="2024-09-05T16:31:59 IST" duration-ms="3254" status="PASS">
          <reporter-output>
          </reporter-output>
        </test-method> <!-- Setup -->
        <test-method signature="testValidLoginTest()[pri:0, instance:testCases.LoginTest@7b36aa0c]" started-at="2024-09-05T16:31:59 IST" name="testValidLoginTest" finished-at="2024-09-05T16:32:01 IST" duration-ms="1596" status="PASS">
          <reporter-output>
          </reporter-output>
        </test-method> <!-- testValidLoginTest -->
        <test-method is-config="true" signature="tearDown()[pri:0, instance:testCases.LoginTest@7b36aa0c]" started-at="2024-09-05T16:32:01 IST" name="tearDown" finished-at="2024-09-05T16:32:01 IST" duration-ms="143" status="PASS">
          <reporter-output>
          </reporter-output>
        </test-method> <!-- tearDown -->
      </class> <!-- testCases.LoginTest -->
    </test> <!-- Test -->
  </suite> <!-- Suite -->
</testng-results>
