<?xml version="1.0" encoding="UTF-8"?>
<testng-results ignored="0" total="1" passed="1" failed="0" skipped="0">
  <reporter-output>
  </reporter-output>
  <suite started-at="2024-09-05T17:24:43 IST" name="Default suite" finished-at="2024-09-05T17:25:03 IST" duration-ms="19642">
    <groups>
    </groups>
    <test started-at="2024-09-05T17:24:43 IST" name="Default test" finished-at="2024-09-05T17:25:03 IST" duration-ms="19642">
      <class name="testCases.LoginTest">
        <test-method is-config="true" signature="Setup()[pri:0, instance:testCases.LoginTest@27406a17]" started-at="2024-09-05T17:24:43 IST" name="Setup" finished-at="2024-09-05T17:24:54 IST" duration-ms="10884" status="PASS">
          <reporter-output>
          </reporter-output>
        </test-method> <!-- Setup -->
        <test-method signature="testValidLoginTest()[pri:0, instance:testCases.LoginTest@27406a17]" started-at="2024-09-05T17:24:54 IST" name="testValidLoginTest" finished-at="2024-09-05T17:24:58 IST" duration-ms="3904" status="PASS">
          <reporter-output>
          </reporter-output>
        </test-method> <!-- testValidLoginTest -->
        <test-method is-config="true" signature="tearDown()[pri:0, instance:testCases.LoginTest@27406a17]" started-at="2024-09-05T17:24:58 IST" name="tearDown" finished-at="2024-09-05T17:25:03 IST" duration-ms="4821" status="PASS">
          <reporter-output>
          </reporter-output>
        </test-method> <!-- tearDown -->
      </class> <!-- testCases.LoginTest -->
    </test> <!-- Default test -->
  </suite> <!-- Default suite -->
</testng-results>
