<?xml version="1.0" encoding="UTF-8"?>
<testng-results ignored="0" total="1" passed="1" failed="0" skipped="0">
  <reporter-output>
  </reporter-output>
  <suite started-at="2024-09-05T15:50:34 IST" name="Suite" finished-at="2024-09-05T15:50:39 IST" duration-ms="5606">
    <groups>
    </groups>
    <test started-at="2024-09-05T15:50:34 IST" name="Test" finished-at="2024-09-05T15:50:39 IST" duration-ms="5606">
      <class name="testCases.LoginTest">
        <test-method is-config="true" signature="Setup()[pri:0, instance:testCases.LoginTest@19e4653c]" started-at="2024-09-05T15:50:34 IST" name="Setup" finished-at="2024-09-05T15:50:38 IST" duration-ms="3964" status="PASS">
          <reporter-output>
          </reporter-output>
        </test-method> <!-- Setup -->
        <test-method signature="testValidLoginTest()[pri:0, instance:testCases.LoginTest@19e4653c]" started-at="2024-09-05T15:50:38 IST" name="testValidLoginTest" finished-at="2024-09-05T15:50:39 IST" duration-ms="1510" status="PASS">
          <reporter-output>
          </reporter-output>
        </test-method> <!-- testValidLoginTest -->
        <test-method is-config="true" signature="tearDown()[pri:0, instance:testCases.LoginTest@19e4653c]" started-at="2024-09-05T15:50:39 IST" name="tearDown" finished-at="2024-09-05T15:50:39 IST" duration-ms="101" status="PASS">
          <reporter-output>
          </reporter-output>
        </test-method> <!-- tearDown -->
      </class> <!-- testCases.LoginTest -->
    </test> <!-- Test -->
  </suite> <!-- Suite -->
</testng-results>
